2025-02-20 13:30:55 [main] DEBUG o.s.s.c.a.a.c.AuthenticationConfiguration$DefaultPasswordEncoderAuthenticationManagerBuilder - No authenticationProviders and no parentAuthenticationManager defined. Returning null.
2025-02-20 13:30:55 [main] DEBUG o.s.s.web.DefaultSecurityFilterChain - Will secure any request with filters: DisableEncodeUrlFilter, WebAsyncManagerIntegrationFilter, SecurityContextHolderFilter, HeaderWriterFilter, LogoutFilter, BearerTokenAuthenticationFilter, RequestCacheAwareFilter, SecurityContextHolderAwareRequestFilter, AnonymousAuthenticationFilter, ExceptionTranslationFilter, AuthorizationFilter
2025-02-20 13:32:14 [http-nio-9090-exec-2] DEBUG o.s.security.web.FilterChainProxy - Securing GET /users
2025-02-20 13:32:14 [http-nio-9090-exec-2] DEBUG o.s.s.o.s.r.a.JwtAuthenticationProvider - Authenticated token
2025-02-20 13:32:14 [http-nio-9090-exec-2] DEBUG o.s.s.o.s.r.w.a.BearerTokenAuthenticationFilter - Set SecurityContextHolder to JwtAuthenticationToken [Principal=org.springframework.security.oauth2.jwt.Jwt@b65db7, Credentials=[PROTECTED], Authenticated=true, Details=WebAuthenticationDetails [RemoteIpAddress=0:0:0:0:0:0:0:1, SessionId=null], Granted Authorities=[ROLE_ADMIN]]
2025-02-20 13:32:14 [http-nio-9090-exec-2] DEBUG o.s.security.web.FilterChainProxy - Secured GET /users
2025-02-20 13:32:14 [http-nio-9090-exec-2] DEBUG o.s.s.a.m.AuthorizationManagerBeforeMethodInterceptor - Authorizing method invocation ReflectiveMethodInvocation: public org.springframework.http.ResponseEntity ctv.core_service.controller.UserController.getAllUser(); target is of class [ctv.core_service.controller.UserController]
2025-02-20 13:32:14 [http-nio-9090-exec-2] DEBUG o.s.s.a.m.AuthorizationManagerBeforeMethodInterceptor - Authorized method invocation ReflectiveMethodInvocation: public org.springframework.http.ResponseEntity ctv.core_service.controller.UserController.getAllUser(); target is of class [ctv.core_service.controller.UserController]
2025-02-20 13:34:14 [http-nio-9090-exec-5] DEBUG o.s.security.web.FilterChainProxy - Securing GET /users
2025-02-20 13:34:14 [http-nio-9090-exec-5] DEBUG o.s.s.o.s.r.a.JwtAuthenticationProvider - Authenticated token
2025-02-20 13:34:14 [http-nio-9090-exec-5] DEBUG o.s.s.o.s.r.w.a.BearerTokenAuthenticationFilter - Set SecurityContextHolder to JwtAuthenticationToken [Principal=org.springframework.security.oauth2.jwt.Jwt@b65db7, Credentials=[PROTECTED], Authenticated=true, Details=WebAuthenticationDetails [RemoteIpAddress=0:0:0:0:0:0:0:1, SessionId=null], Granted Authorities=[ROLE_ADMIN]]
2025-02-20 13:34:14 [http-nio-9090-exec-5] DEBUG o.s.security.web.FilterChainProxy - Secured GET /users
2025-02-20 13:34:14 [http-nio-9090-exec-5] DEBUG o.s.s.a.m.AuthorizationManagerBeforeMethodInterceptor - Authorizing method invocation ReflectiveMethodInvocation: public org.springframework.http.ResponseEntity ctv.core_service.controller.UserController.getAllUser(); target is of class [ctv.core_service.controller.UserController]
2025-02-20 13:34:14 [http-nio-9090-exec-5] DEBUG o.s.s.a.m.AuthorizationManagerBeforeMethodInterceptor - Authorized method invocation ReflectiveMethodInvocation: public org.springframework.http.ResponseEntity ctv.core_service.controller.UserController.getAllUser(); target is of class [ctv.core_service.controller.UserController]
2025-02-20 13:34:23 [http-nio-9090-exec-6] DEBUG o.s.security.web.FilterChainProxy - Securing POST /users
2025-02-20 13:34:23 [http-nio-9090-exec-6] DEBUG o.s.s.o.s.r.a.JwtAuthenticationProvider - Authenticated token
2025-02-20 13:34:23 [http-nio-9090-exec-6] DEBUG o.s.s.o.s.r.w.a.BearerTokenAuthenticationFilter - Set SecurityContextHolder to JwtAuthenticationToken [Principal=org.springframework.security.oauth2.jwt.Jwt@b65db7, Credentials=[PROTECTED], Authenticated=true, Details=WebAuthenticationDetails [RemoteIpAddress=0:0:0:0:0:0:0:1, SessionId=null], Granted Authorities=[ROLE_ADMIN]]
2025-02-20 13:34:23 [http-nio-9090-exec-6] DEBUG o.s.security.web.FilterChainProxy - Secured POST /users
2025-02-20 13:34:23 [http-nio-9090-exec-6] DEBUG o.s.s.a.m.AuthorizationManagerBeforeMethodInterceptor - Authorizing method invocation ReflectiveMethodInvocation: public org.springframework.http.ResponseEntity ctv.core_service.controller.UserController.createUser(ctv.core_service.dto.request.UserCreationRequest); target is of class [ctv.core_service.controller.UserController]
2025-02-20 13:34:23 [http-nio-9090-exec-6] DEBUG o.s.s.a.m.AuthorizationManagerBeforeMethodInterceptor - Authorized method invocation ReflectiveMethodInvocation: public org.springframework.http.ResponseEntity ctv.core_service.controller.UserController.createUser(ctv.core_service.dto.request.UserCreationRequest); target is of class [ctv.core_service.controller.UserController]
2025-02-20 13:35:04 [http-nio-9090-exec-7] DEBUG o.s.security.web.FilterChainProxy - Securing POST /auth/token
2025-02-20 13:35:04 [http-nio-9090-exec-7] DEBUG o.s.security.web.FilterChainProxy - Secured POST /auth/token
2025-02-20 13:35:04 [http-nio-9090-exec-7] DEBUG o.s.s.w.a.AnonymousAuthenticationFilter - Set SecurityContextHolder to anonymous SecurityContext
2025-02-20 13:35:11 [http-nio-9090-exec-8] DEBUG o.s.security.web.FilterChainProxy - Securing GET /users
2025-02-20 13:35:11 [http-nio-9090-exec-8] DEBUG o.s.s.o.s.r.a.JwtAuthenticationProvider - Authenticated token
2025-02-20 13:35:11 [http-nio-9090-exec-8] DEBUG o.s.s.o.s.r.w.a.BearerTokenAuthenticationFilter - Set SecurityContextHolder to JwtAuthenticationToken [Principal=org.springframework.security.oauth2.jwt.Jwt@95a801e9, Credentials=[PROTECTED], Authenticated=true, Details=WebAuthenticationDetails [RemoteIpAddress=0:0:0:0:0:0:0:1, SessionId=null], Granted Authorities=[ROLE_ADMIN]]
2025-02-20 13:35:11 [http-nio-9090-exec-8] DEBUG o.s.security.web.FilterChainProxy - Secured GET /users
2025-02-20 13:35:11 [http-nio-9090-exec-8] DEBUG o.s.s.a.m.AuthorizationManagerBeforeMethodInterceptor - Authorizing method invocation ReflectiveMethodInvocation: public org.springframework.http.ResponseEntity ctv.core_service.controller.UserController.getAllUser(); target is of class [ctv.core_service.controller.UserController]
2025-02-20 13:35:11 [http-nio-9090-exec-8] DEBUG o.s.s.a.m.AuthorizationManagerBeforeMethodInterceptor - Authorized method invocation ReflectiveMethodInvocation: public org.springframework.http.ResponseEntity ctv.core_service.controller.UserController.getAllUser(); target is of class [ctv.core_service.controller.UserController]
2025-02-20 13:35:20 [http-nio-9090-exec-9] DEBUG o.s.security.web.FilterChainProxy - Securing POST /users
2025-02-20 13:35:20 [http-nio-9090-exec-9] DEBUG o.s.s.o.s.r.a.JwtAuthenticationProvider - Authenticated token
2025-02-20 13:35:20 [http-nio-9090-exec-9] DEBUG o.s.s.o.s.r.w.a.BearerTokenAuthenticationFilter - Set SecurityContextHolder to JwtAuthenticationToken [Principal=org.springframework.security.oauth2.jwt.Jwt@95a801e9, Credentials=[PROTECTED], Authenticated=true, Details=WebAuthenticationDetails [RemoteIpAddress=0:0:0:0:0:0:0:1, SessionId=null], Granted Authorities=[ROLE_ADMIN]]
2025-02-20 13:35:20 [http-nio-9090-exec-9] DEBUG o.s.security.web.FilterChainProxy - Secured POST /users
2025-02-20 13:35:20 [http-nio-9090-exec-9] DEBUG o.s.s.a.m.AuthorizationManagerBeforeMethodInterceptor - Authorizing method invocation ReflectiveMethodInvocation: public org.springframework.http.ResponseEntity ctv.core_service.controller.UserController.createUser(ctv.core_service.dto.request.UserCreationRequest); target is of class [ctv.core_service.controller.UserController]
2025-02-20 13:35:20 [http-nio-9090-exec-9] DEBUG o.s.s.a.m.AuthorizationManagerBeforeMethodInterceptor - Authorized method invocation ReflectiveMethodInvocation: public org.springframework.http.ResponseEntity ctv.core_service.controller.UserController.createUser(ctv.core_service.dto.request.UserCreationRequest); target is of class [ctv.core_service.controller.UserController]
2025-02-20 13:37:18 [http-nio-9090-exec-2] DEBUG o.s.security.web.FilterChainProxy - Securing GET /users
2025-02-20 13:37:18 [http-nio-9090-exec-2] DEBUG o.s.s.o.s.r.a.JwtAuthenticationProvider - Authenticated token
2025-02-20 13:37:18 [http-nio-9090-exec-2] DEBUG o.s.s.o.s.r.w.a.BearerTokenAuthenticationFilter - Set SecurityContextHolder to JwtAuthenticationToken [Principal=org.springframework.security.oauth2.jwt.Jwt@95a801e9, Credentials=[PROTECTED], Authenticated=true, Details=WebAuthenticationDetails [RemoteIpAddress=0:0:0:0:0:0:0:1, SessionId=null], Granted Authorities=[ROLE_ADMIN]]
2025-02-20 13:37:18 [http-nio-9090-exec-2] DEBUG o.s.security.web.FilterChainProxy - Secured GET /users
2025-02-20 13:37:18 [http-nio-9090-exec-2] DEBUG o.s.s.a.m.AuthorizationManagerBeforeMethodInterceptor - Authorizing method invocation ReflectiveMethodInvocation: public org.springframework.http.ResponseEntity ctv.core_service.controller.UserController.getAllUser(); target is of class [ctv.core_service.controller.UserController]
2025-02-20 13:37:18 [http-nio-9090-exec-2] DEBUG o.s.s.a.m.AuthorizationManagerBeforeMethodInterceptor - Authorized method invocation ReflectiveMethodInvocation: public org.springframework.http.ResponseEntity ctv.core_service.controller.UserController.getAllUser(); target is of class [ctv.core_service.controller.UserController]
2025-02-20 13:37:27 [http-nio-9090-exec-3] DEBUG o.s.security.web.FilterChainProxy - Securing GET /users
2025-02-20 13:37:27 [http-nio-9090-exec-3] DEBUG o.s.s.o.s.r.a.JwtAuthenticationProvider - Authenticated token
2025-02-20 13:37:27 [http-nio-9090-exec-3] DEBUG o.s.s.o.s.r.w.a.BearerTokenAuthenticationFilter - Set SecurityContextHolder to JwtAuthenticationToken [Principal=org.springframework.security.oauth2.jwt.Jwt@95a801e9, Credentials=[PROTECTED], Authenticated=true, Details=WebAuthenticationDetails [RemoteIpAddress=0:0:0:0:0:0:0:1, SessionId=null], Granted Authorities=[ROLE_ADMIN]]
2025-02-20 13:37:27 [http-nio-9090-exec-3] DEBUG o.s.security.web.FilterChainProxy - Secured GET /users
2025-02-20 13:37:27 [http-nio-9090-exec-3] DEBUG o.s.s.a.m.AuthorizationManagerBeforeMethodInterceptor - Authorizing method invocation ReflectiveMethodInvocation: public org.springframework.http.ResponseEntity ctv.core_service.controller.UserController.getAllUser(); target is of class [ctv.core_service.controller.UserController]
2025-02-20 13:37:27 [http-nio-9090-exec-3] DEBUG o.s.s.a.m.AuthorizationManagerBeforeMethodInterceptor - Authorized method invocation ReflectiveMethodInvocation: public org.springframework.http.ResponseEntity ctv.core_service.controller.UserController.getAllUser(); target is of class [ctv.core_service.controller.UserController]
2025-02-20 13:37:31 [http-nio-9090-exec-4] DEBUG o.s.security.web.FilterChainProxy - Securing GET /users
2025-02-20 13:37:31 [http-nio-9090-exec-4] DEBUG o.s.s.o.s.r.a.JwtAuthenticationProvider - Authenticated token
2025-02-20 13:37:31 [http-nio-9090-exec-4] DEBUG o.s.s.o.s.r.w.a.BearerTokenAuthenticationFilter - Set SecurityContextHolder to JwtAuthenticationToken [Principal=org.springframework.security.oauth2.jwt.Jwt@95a801e9, Credentials=[PROTECTED], Authenticated=true, Details=WebAuthenticationDetails [RemoteIpAddress=0:0:0:0:0:0:0:1, SessionId=null], Granted Authorities=[ROLE_ADMIN]]
2025-02-20 13:37:31 [http-nio-9090-exec-4] DEBUG o.s.security.web.FilterChainProxy - Secured GET /users
2025-02-20 13:37:31 [http-nio-9090-exec-4] DEBUG o.s.s.a.m.AuthorizationManagerBeforeMethodInterceptor - Authorizing method invocation ReflectiveMethodInvocation: public org.springframework.http.ResponseEntity ctv.core_service.controller.UserController.getAllUser(); target is of class [ctv.core_service.controller.UserController]
2025-02-20 13:37:31 [http-nio-9090-exec-4] DEBUG o.s.s.a.m.AuthorizationManagerBeforeMethodInterceptor - Authorized method invocation ReflectiveMethodInvocation: public org.springframework.http.ResponseEntity ctv.core_service.controller.UserController.getAllUser(); target is of class [ctv.core_service.controller.UserController]
2025-02-20 13:37:31 [http-nio-9090-exec-5] DEBUG o.s.security.web.FilterChainProxy - Securing GET /users
2025-02-20 13:37:31 [http-nio-9090-exec-5] DEBUG o.s.s.o.s.r.a.JwtAuthenticationProvider - Authenticated token
2025-02-20 13:37:31 [http-nio-9090-exec-5] DEBUG o.s.s.o.s.r.w.a.BearerTokenAuthenticationFilter - Set SecurityContextHolder to JwtAuthenticationToken [Principal=org.springframework.security.oauth2.jwt.Jwt@95a801e9, Credentials=[PROTECTED], Authenticated=true, Details=WebAuthenticationDetails [RemoteIpAddress=0:0:0:0:0:0:0:1, SessionId=null], Granted Authorities=[ROLE_ADMIN]]
2025-02-20 13:37:31 [http-nio-9090-exec-5] DEBUG o.s.security.web.FilterChainProxy - Secured GET /users
2025-02-20 13:37:31 [http-nio-9090-exec-5] DEBUG o.s.s.a.m.AuthorizationManagerBeforeMethodInterceptor - Authorizing method invocation ReflectiveMethodInvocation: public org.springframework.http.ResponseEntity ctv.core_service.controller.UserController.getAllUser(); target is of class [ctv.core_service.controller.UserController]
2025-02-20 13:37:31 [http-nio-9090-exec-5] DEBUG o.s.s.a.m.AuthorizationManagerBeforeMethodInterceptor - Authorized method invocation ReflectiveMethodInvocation: public org.springframework.http.ResponseEntity ctv.core_service.controller.UserController.getAllUser(); target is of class [ctv.core_service.controller.UserController]
2025-02-20 13:37:54 [http-nio-9090-exec-6] DEBUG o.s.security.web.FilterChainProxy - Securing GET /users
2025-02-20 13:37:54 [http-nio-9090-exec-6] DEBUG o.s.s.o.s.r.a.JwtAuthenticationProvider - Authenticated token
2025-02-20 13:37:54 [http-nio-9090-exec-6] DEBUG o.s.s.o.s.r.w.a.BearerTokenAuthenticationFilter - Set SecurityContextHolder to JwtAuthenticationToken [Principal=org.springframework.security.oauth2.jwt.Jwt@95a801e9, Credentials=[PROTECTED], Authenticated=true, Details=WebAuthenticationDetails [RemoteIpAddress=0:0:0:0:0:0:0:1, SessionId=null], Granted Authorities=[ROLE_ADMIN]]
2025-02-20 13:37:54 [http-nio-9090-exec-6] DEBUG o.s.security.web.FilterChainProxy - Secured GET /users
2025-02-20 13:37:54 [http-nio-9090-exec-6] DEBUG o.s.s.a.m.AuthorizationManagerBeforeMethodInterceptor - Authorizing method invocation ReflectiveMethodInvocation: public org.springframework.http.ResponseEntity ctv.core_service.controller.UserController.getAllUser(); target is of class [ctv.core_service.controller.UserController]
2025-02-20 13:37:54 [http-nio-9090-exec-6] DEBUG o.s.s.a.m.AuthorizationManagerBeforeMethodInterceptor - Authorized method invocation ReflectiveMethodInvocation: public org.springframework.http.ResponseEntity ctv.core_service.controller.UserController.getAllUser(); target is of class [ctv.core_service.controller.UserController]
2025-02-20 13:38:12 [http-nio-9090-exec-7] DEBUG o.s.security.web.FilterChainProxy - Securing POST /auth/token
2025-02-20 13:38:12 [http-nio-9090-exec-7] DEBUG o.s.security.web.FilterChainProxy - Secured POST /auth/token
2025-02-20 13:38:12 [http-nio-9090-exec-7] DEBUG o.s.s.w.a.AnonymousAuthenticationFilter - Set SecurityContextHolder to anonymous SecurityContext
2025-02-20 13:38:14 [http-nio-9090-exec-8] DEBUG o.s.security.web.FilterChainProxy - Securing POST /users
2025-02-20 13:38:14 [http-nio-9090-exec-8] DEBUG o.s.s.o.s.r.a.JwtAuthenticationProvider - Authenticated token
2025-02-20 13:38:14 [http-nio-9090-exec-8] DEBUG o.s.s.o.s.r.w.a.BearerTokenAuthenticationFilter - Set SecurityContextHolder to JwtAuthenticationToken [Principal=org.springframework.security.oauth2.jwt.Jwt@95a801e9, Credentials=[PROTECTED], Authenticated=true, Details=WebAuthenticationDetails [RemoteIpAddress=0:0:0:0:0:0:0:1, SessionId=null], Granted Authorities=[ROLE_ADMIN]]
2025-02-20 13:38:14 [http-nio-9090-exec-8] DEBUG o.s.security.web.FilterChainProxy - Secured POST /users
2025-02-20 13:38:14 [http-nio-9090-exec-8] DEBUG o.s.s.a.m.AuthorizationManagerBeforeMethodInterceptor - Authorizing method invocation ReflectiveMethodInvocation: public org.springframework.http.ResponseEntity ctv.core_service.controller.UserController.createUser(ctv.core_service.dto.request.UserCreationRequest); target is of class [ctv.core_service.controller.UserController]
2025-02-20 13:38:14 [http-nio-9090-exec-8] DEBUG o.s.s.a.m.AuthorizationManagerBeforeMethodInterceptor - Authorized method invocation ReflectiveMethodInvocation: public org.springframework.http.ResponseEntity ctv.core_service.controller.UserController.createUser(ctv.core_service.dto.request.UserCreationRequest); target is of class [ctv.core_service.controller.UserController]
2025-02-20 13:38:36 [http-nio-9090-exec-10] DEBUG o.s.security.web.FilterChainProxy - Securing GET /users
2025-02-20 13:38:36 [http-nio-9090-exec-10] DEBUG o.s.s.o.s.r.a.JwtAuthenticationProvider - Authenticated token
2025-02-20 13:38:36 [http-nio-9090-exec-10] DEBUG o.s.s.o.s.r.w.a.BearerTokenAuthenticationFilter - Set SecurityContextHolder to JwtAuthenticationToken [Principal=org.springframework.security.oauth2.jwt.Jwt@95a801e9, Credentials=[PROTECTED], Authenticated=true, Details=WebAuthenticationDetails [RemoteIpAddress=0:0:0:0:0:0:0:1, SessionId=null], Granted Authorities=[ROLE_ADMIN]]
2025-02-20 13:38:36 [http-nio-9090-exec-10] DEBUG o.s.security.web.FilterChainProxy - Secured GET /users
2025-02-20 13:38:36 [http-nio-9090-exec-10] DEBUG o.s.s.a.m.AuthorizationManagerBeforeMethodInterceptor - Authorizing method invocation ReflectiveMethodInvocation: public org.springframework.http.ResponseEntity ctv.core_service.controller.UserController.getAllUser(); target is of class [ctv.core_service.controller.UserController]
2025-02-20 13:38:36 [http-nio-9090-exec-10] DEBUG o.s.s.a.m.AuthorizationManagerBeforeMethodInterceptor - Authorized method invocation ReflectiveMethodInvocation: public org.springframework.http.ResponseEntity ctv.core_service.controller.UserController.getAllUser(); target is of class [ctv.core_service.controller.UserController]
2025-02-20 13:39:31 [http-nio-9090-exec-1] DEBUG o.s.security.web.FilterChainProxy - Securing GET /users
2025-02-20 13:39:31 [http-nio-9090-exec-1] DEBUG o.s.s.o.s.r.a.JwtAuthenticationProvider - Authenticated token
2025-02-20 13:39:31 [http-nio-9090-exec-1] DEBUG o.s.s.o.s.r.w.a.BearerTokenAuthenticationFilter - Set SecurityContextHolder to JwtAuthenticationToken [Principal=org.springframework.security.oauth2.jwt.Jwt@95a801e9, Credentials=[PROTECTED], Authenticated=true, Details=WebAuthenticationDetails [RemoteIpAddress=0:0:0:0:0:0:0:1, SessionId=null], Granted Authorities=[ROLE_ADMIN]]
2025-02-20 13:39:31 [http-nio-9090-exec-1] DEBUG o.s.security.web.FilterChainProxy - Secured GET /users
2025-02-20 13:39:31 [http-nio-9090-exec-1] DEBUG o.s.s.a.m.AuthorizationManagerBeforeMethodInterceptor - Authorizing method invocation ReflectiveMethodInvocation: public org.springframework.http.ResponseEntity ctv.core_service.controller.UserController.getAllUser(); target is of class [ctv.core_service.controller.UserController]
2025-02-20 13:39:31 [http-nio-9090-exec-1] DEBUG o.s.s.a.m.AuthorizationManagerBeforeMethodInterceptor - Authorized method invocation ReflectiveMethodInvocation: public org.springframework.http.ResponseEntity ctv.core_service.controller.UserController.getAllUser(); target is of class [ctv.core_service.controller.UserController]
2025-02-20 13:40:50 [http-nio-9090-exec-4] DEBUG o.s.security.web.FilterChainProxy - Securing GET /users
2025-02-20 13:40:50 [http-nio-9090-exec-4] DEBUG o.s.s.o.s.r.a.JwtAuthenticationProvider - Authenticated token
2025-02-20 13:40:50 [http-nio-9090-exec-4] DEBUG o.s.s.o.s.r.w.a.BearerTokenAuthenticationFilter - Set SecurityContextHolder to JwtAuthenticationToken [Principal=org.springframework.security.oauth2.jwt.Jwt@95a801e9, Credentials=[PROTECTED], Authenticated=true, Details=WebAuthenticationDetails [RemoteIpAddress=0:0:0:0:0:0:0:1, SessionId=null], Granted Authorities=[ROLE_ADMIN]]
2025-02-20 13:40:50 [http-nio-9090-exec-4] DEBUG o.s.security.web.FilterChainProxy - Secured GET /users
2025-02-20 13:40:50 [http-nio-9090-exec-4] DEBUG o.s.s.a.m.AuthorizationManagerBeforeMethodInterceptor - Authorizing method invocation ReflectiveMethodInvocation: public org.springframework.http.ResponseEntity ctv.core_service.controller.UserController.getAllUser(); target is of class [ctv.core_service.controller.UserController]
2025-02-20 13:40:50 [http-nio-9090-exec-4] DEBUG o.s.s.a.m.AuthorizationManagerBeforeMethodInterceptor - Authorized method invocation ReflectiveMethodInvocation: public org.springframework.http.ResponseEntity ctv.core_service.controller.UserController.getAllUser(); target is of class [ctv.core_service.controller.UserController]
2025-02-20 13:41:06 [http-nio-9090-exec-5] DEBUG o.s.security.web.FilterChainProxy - Securing GET /users
2025-02-20 13:41:06 [http-nio-9090-exec-5] DEBUG o.s.s.o.s.r.a.JwtAuthenticationProvider - Authenticated token
2025-02-20 13:41:06 [http-nio-9090-exec-5] DEBUG o.s.s.o.s.r.w.a.BearerTokenAuthenticationFilter - Set SecurityContextHolder to JwtAuthenticationToken [Principal=org.springframework.security.oauth2.jwt.Jwt@95a801e9, Credentials=[PROTECTED], Authenticated=true, Details=WebAuthenticationDetails [RemoteIpAddress=0:0:0:0:0:0:0:1, SessionId=null], Granted Authorities=[ROLE_ADMIN]]
2025-02-20 13:41:06 [http-nio-9090-exec-5] DEBUG o.s.security.web.FilterChainProxy - Secured GET /users
2025-02-20 13:41:06 [http-nio-9090-exec-5] DEBUG o.s.s.a.m.AuthorizationManagerBeforeMethodInterceptor - Authorizing method invocation ReflectiveMethodInvocation: public org.springframework.http.ResponseEntity ctv.core_service.controller.UserController.getAllUser(); target is of class [ctv.core_service.controller.UserController]
2025-02-20 13:41:06 [http-nio-9090-exec-5] DEBUG o.s.s.a.m.AuthorizationManagerBeforeMethodInterceptor - Authorized method invocation ReflectiveMethodInvocation: public org.springframework.http.ResponseEntity ctv.core_service.controller.UserController.getAllUser(); target is of class [ctv.core_service.controller.UserController]
2025-02-20 13:41:16 [http-nio-9090-exec-6] DEBUG o.s.security.web.FilterChainProxy - Securing POST /users
2025-02-20 13:41:16 [http-nio-9090-exec-6] DEBUG o.s.s.o.s.r.a.JwtAuthenticationProvider - Authenticated token
2025-02-20 13:41:16 [http-nio-9090-exec-6] DEBUG o.s.s.o.s.r.w.a.BearerTokenAuthenticationFilter - Set SecurityContextHolder to JwtAuthenticationToken [Principal=org.springframework.security.oauth2.jwt.Jwt@95a801e9, Credentials=[PROTECTED], Authenticated=true, Details=WebAuthenticationDetails [RemoteIpAddress=0:0:0:0:0:0:0:1, SessionId=null], Granted Authorities=[ROLE_ADMIN]]
2025-02-20 13:41:16 [http-nio-9090-exec-6] DEBUG o.s.security.web.FilterChainProxy - Secured POST /users
2025-02-20 13:41:16 [http-nio-9090-exec-6] DEBUG o.s.s.a.m.AuthorizationManagerBeforeMethodInterceptor - Authorizing method invocation ReflectiveMethodInvocation: public org.springframework.http.ResponseEntity ctv.core_service.controller.UserController.createUser(ctv.core_service.dto.request.UserCreationRequest); target is of class [ctv.core_service.controller.UserController]
2025-02-20 13:41:16 [http-nio-9090-exec-6] DEBUG o.s.s.a.m.AuthorizationManagerBeforeMethodInterceptor - Authorized method invocation ReflectiveMethodInvocation: public org.springframework.http.ResponseEntity ctv.core_service.controller.UserController.createUser(ctv.core_service.dto.request.UserCreationRequest); target is of class [ctv.core_service.controller.UserController]
